{"total": {"lines":{"total":33353,"covered":24646,"skipped":0,"pct":73.89},"statements":{"total":33353,"covered":24646,"skipped":0,"pct":73.89},"functions":{"total":883,"covered":781,"skipped":0,"pct":88.44},"branches":{"total":5398,"covered":3956,"skipped":0,"pct":73.28},"branchesTrue":{"total":0,"covered":0,"skipped":0,"pct":100}}
,"/Users/sam/workspace/JumpStart-AutoNav/bin/lib/adr-index.js": {"lines":{"total":195,"covered":0,"skipped":0,"pct":0},"functions":{"total":1,"covered":0,"skipped":0,"pct":0},"statements":{"total":195,"covered":0,"skipped":0,"pct":0},"branches":{"total":1,"covered":0,"skipped":0,"pct":0}}
,"/Users/sam/workspace/JumpStart-AutoNav/bin/lib/agent-checkpoint.js": {"lines":{"total":142,"covered":142,"skipped":0,"pct":100},"functions":{"total":7,"covered":7,"skipped":0,"pct":100},"statements":{"total":142,"covered":142,"skipped":0,"pct":100},"branches":{"total":38,"covered":27,"skipped":0,"pct":71.05}}
,"/Users/sam/workspace/JumpStart-AutoNav/bin/lib/ai-evaluation.js": {"lines":{"total":83,"covered":83,"skipped":0,"pct":100},"functions":{"total":5,"covered":5,"skipped":0,"pct":100},"statements":{"total":83,"covered":83,"skipped":0,"pct":100},"branches":{"total":25,"covered":16,"skipped":0,"pct":64}}
,"/Users/sam/workspace/JumpStart-AutoNav/bin/lib/ai-intake.js": {"lines":{"total":130,"covered":130,"skipped":0,"pct":100},"functions":{"total":6,"covered":6,"skipped":0,"pct":100},"statements":{"total":130,"covered":130,"skipped":0,"pct":100},"branches":{"total":43,"covered":36,"skipped":0,"pct":83.72}}
,"/Users/sam/workspace/JumpStart-AutoNav/bin/lib/ambiguity-heatmap.js": {"lines":{"total":131,"covered":130,"skipped":0,"pct":99.23},"functions":{"total":3,"covered":3,"skipped":0,"pct":100},"statements":{"total":131,"covered":130,"skipped":0,"pct":99.23},"branches":{"total":28,"covered":24,"skipped":0,"pct":85.71}}
,"/Users/sam/workspace/JumpStart-AutoNav/bin/lib/analyzer.js": {"lines":{"total":291,"covered":0,"skipped":0,"pct":0},"functions":{"total":1,"covered":0,"skipped":0,"pct":0},"statements":{"total":291,"covered":0,"skipped":0,"pct":0},"branches":{"total":1,"covered":0,"skipped":0,"pct":0}}
,"/Users/sam/workspace/JumpStart-AutoNav/bin/lib/anti-abstraction.js": {"lines":{"total":153,"covered":0,"skipped":0,"pct":0},"functions":{"total":1,"covered":0,"skipped":0,"pct":0},"statements":{"total":153,"covered":0,"skipped":0,"pct":0},"branches":{"total":1,"covered":0,"skipped":0,"pct":0}}
,"/Users/sam/workspace/JumpStart-AutoNav/bin/lib/approve.js": {"lines":{"total":423,"covered":350,"skipped":0,"pct":82.74},"functions":{"total":14,"covered":13,"skipped":0,"pct":92.85},"statements":{"total":423,"covered":350,"skipped":0,"pct":82.74},"branches":{"total":87,"covered":53,"skipped":0,"pct":60.91}}
,"/Users/sam/workspace/JumpStart-AutoNav/bin/lib/artifact-comparison.js": {"lines":{"total":84,"covered":84,"skipped":0,"pct":100},"functions":{"total":3,"covered":3,"skipped":0,"pct":100},"statements":{"total":84,"covered":84,"skipped":0,"pct":100},"branches":{"total":18,"covered":16,"skipped":0,"pct":88.88}}
,"/Users/sam/workspace/JumpStart-AutoNav/bin/lib/ast-edit-engine.js": {"lines":{"total":137,"covered":137,"skipped":0,"pct":100},"functions":{"total":4,"covered":4,"skipped":0,"pct":100},"statements":{"total":137,"covered":137,"skipped":0,"pct":100},"branches":{"total":33,"covered":29,"skipped":0,"pct":87.87}}
,"/Users/sam/workspace/JumpStart-AutoNav/bin/lib/backlog-sync.js": {"lines":{"total":308,"covered":303,"skipped":0,"pct":98.37},"functions":{"total":8,"covered":8,"skipped":0,"pct":100},"statements":{"total":308,"covered":303,"skipped":0,"pct":98.37},"branches":{"total":50,"covered":29,"skipped":0,"pct":58}}
,"/Users/sam/workspace/JumpStart-AutoNav/bin/lib/bcdr-planning.js": {"lines":{"total":136,"covered":136,"skipped":0,"pct":100},"functions":{"total":6,"covered":6,"skipped":0,"pct":100},"statements":{"total":136,"covered":136,"skipped":0,"pct":100},"branches":{"total":40,"covered":34,"skipped":0,"pct":85}}
,"/Users/sam/workspace/JumpStart-AutoNav/bin/lib/bidirectional-trace.js": {"lines":{"total":175,"covered":169,"skipped":0,"pct":96.57},"functions":{"total":10,"covered":10,"skipped":0,"pct":100},"statements":{"total":175,"covered":169,"skipped":0,"pct":96.57},"branches":{"total":35,"covered":24,"skipped":0,"pct":68.57}}
,"/Users/sam/workspace/JumpStart-AutoNav/bin/lib/boundary-check.js": {"lines":{"total":215,"covered":0,"skipped":0,"pct":0},"functions":{"total":1,"covered":0,"skipped":0,"pct":0},"statements":{"total":215,"covered":0,"skipped":0,"pct":0},"branches":{"total":1,"covered":0,"skipped":0,"pct":0}}
,"/Users/sam/workspace/JumpStart-AutoNav/bin/lib/branch-workflow.js": {"lines":{"total":236,"covered":218,"skipped":0,"pct":92.37},"functions":{"total":10,"covered":10,"skipped":0,"pct":100},"statements":{"total":236,"covered":218,"skipped":0,"pct":92.37},"branches":{"total":35,"covered":15,"skipped":0,"pct":42.85}}
,"/Users/sam/workspace/JumpStart-AutoNav/bin/lib/cab-output.js": {"lines":{"total":103,"covered":103,"skipped":0,"pct":100},"functions":{"total":1,"covered":1,"skipped":0,"pct":100},"statements":{"total":103,"covered":103,"skipped":0,"pct":100},"branches":{"total":31,"covered":22,"skipped":0,"pct":70.96}}
,"/Users/sam/workspace/JumpStart-AutoNav/bin/lib/ceremony.js": {"lines":{"total":320,"covered":282,"skipped":0,"pct":88.12},"functions":{"total":7,"covered":7,"skipped":0,"pct":100},"statements":{"total":320,"covered":282,"skipped":0,"pct":88.12},"branches":{"total":31,"covered":30,"skipped":0,"pct":96.77}}
,"/Users/sam/workspace/JumpStart-AutoNav/bin/lib/chat-integration.js": {"lines":{"total":102,"covered":101,"skipped":0,"pct":99.01},"functions":{"total":6,"covered":6,"skipped":0,"pct":100},"statements":{"total":102,"covered":101,"skipped":0,"pct":99.01},"branches":{"total":26,"covered":18,"skipped":0,"pct":69.23}}
,"/Users/sam/workspace/JumpStart-AutoNav/bin/lib/ci-cd-integration.js": {"lines":{"total":183,"covered":182,"skipped":0,"pct":99.45},"functions":{"total":6,"covered":6,"skipped":0,"pct":100},"statements":{"total":183,"covered":182,"skipped":0,"pct":99.45},"branches":{"total":38,"covered":32,"skipped":0,"pct":84.21}}
,"/Users/sam/workspace/JumpStart-AutoNav/bin/lib/codebase-retrieval.js": {"lines":{"total":109,"covered":109,"skipped":0,"pct":100},"functions":{"total":3,"covered":3,"skipped":0,"pct":100},"statements":{"total":109,"covered":109,"skipped":0,"pct":100},"branches":{"total":30,"covered":29,"skipped":0,"pct":96.66}}
,"/Users/sam/workspace/JumpStart-AutoNav/bin/lib/collaboration.js": {"lines":{"total":136,"covered":133,"skipped":0,"pct":97.79},"functions":{"total":8,"covered":8,"skipped":0,"pct":100},"statements":{"total":136,"covered":133,"skipped":0,"pct":97.79},"branches":{"total":37,"covered":16,"skipped":0,"pct":43.24}}
,"/Users/sam/workspace/JumpStart-AutoNav/bin/lib/complexity.js": {"lines":{"total":117,"covered":0,"skipped":0,"pct":0},"functions":{"total":1,"covered":0,"skipped":0,"pct":0},"statements":{"total":117,"covered":0,"skipped":0,"pct":0},"branches":{"total":1,"covered":0,"skipped":0,"pct":0}}
,"/Users/sam/workspace/JumpStart-AutoNav/bin/lib/compliance-packs.js": {"lines":{"total":195,"covered":195,"skipped":0,"pct":100},"functions":{"total":6,"covered":6,"skipped":0,"pct":100},"statements":{"total":195,"covered":195,"skipped":0,"pct":100},"branches":{"total":25,"covered":19,"skipped":0,"pct":76}}
,"/Users/sam/workspace/JumpStart-AutoNav/bin/lib/config-loader.js": {"lines":{"total":217,"covered":99,"skipped":0,"pct":45.62},"functions":{"total":4,"covered":1,"skipped":0,"pct":25},"statements":{"total":217,"covered":99,"skipped":0,"pct":45.62},"branches":{"total":23,"covered":17,"skipped":0,"pct":73.91}}
,"/Users/sam/workspace/JumpStart-AutoNav/bin/lib/config-merge.js": {"lines":{"total":280,"covered":234,"skipped":0,"pct":83.57},"functions":{"total":8,"covered":6,"skipped":0,"pct":75},"statements":{"total":280,"covered":234,"skipped":0,"pct":83.57},"branches":{"total":48,"covered":37,"skipped":0,"pct":77.08}}
,"/Users/sam/workspace/JumpStart-AutoNav/bin/lib/context-chunker.js": {"lines":{"total":111,"covered":111,"skipped":0,"pct":100},"functions":{"total":3,"covered":3,"skipped":0,"pct":100},"statements":{"total":111,"covered":111,"skipped":0,"pct":100},"branches":{"total":15,"covered":13,"skipped":0,"pct":86.66}}
,"/Users/sam/workspace/JumpStart-AutoNav/bin/lib/context-onboarding.js": {"lines":{"total":107,"covered":91,"skipped":0,"pct":85.04},"functions":{"total":2,"covered":2,"skipped":0,"pct":100},"statements":{"total":107,"covered":91,"skipped":0,"pct":85.04},"branches":{"total":14,"covered":7,"skipped":0,"pct":50}}
,"/Users/sam/workspace/JumpStart-AutoNav/bin/lib/context-summarizer.js": {"lines":{"total":548,"covered":497,"skipped":0,"pct":90.69},"functions":{"total":13,"covered":13,"skipped":0,"pct":100},"statements":{"total":548,"covered":497,"skipped":0,"pct":90.69},"branches":{"total":96,"covered":79,"skipped":0,"pct":82.29}}
,"/Users/sam/workspace/JumpStart-AutoNav/bin/lib/contract-checker.js": {"lines":{"total":186,"covered":0,"skipped":0,"pct":0},"functions":{"total":1,"covered":0,"skipped":0,"pct":0},"statements":{"total":186,"covered":0,"skipped":0,"pct":0},"branches":{"total":1,"covered":0,"skipped":0,"pct":0}}
,"/Users/sam/workspace/JumpStart-AutoNav/bin/lib/contract-first.js": {"lines":{"total":109,"covered":108,"skipped":0,"pct":99.08},"functions":{"total":3,"covered":3,"skipped":0,"pct":100},"statements":{"total":109,"covered":108,"skipped":0,"pct":99.08},"branches":{"total":25,"covered":21,"skipped":0,"pct":84}}
,"/Users/sam/workspace/JumpStart-AutoNav/bin/lib/cost-router.js": {"lines":{"total":127,"covered":127,"skipped":0,"pct":100},"functions":{"total":5,"covered":5,"skipped":0,"pct":100},"statements":{"total":127,"covered":127,"skipped":0,"pct":100},"branches":{"total":35,"covered":23,"skipped":0,"pct":65.71}}
,"/Users/sam/workspace/JumpStart-AutoNav/bin/lib/coverage.js": {"lines":{"total":120,"covered":98,"skipped":0,"pct":81.66},"functions":{"total":4,"covered":3,"skipped":0,"pct":75},"statements":{"total":120,"covered":98,"skipped":0,"pct":81.66},"branches":{"total":21,"covered":12,"skipped":0,"pct":57.14}}
,"/Users/sam/workspace/JumpStart-AutoNav/bin/lib/credential-boundary.js": {"lines":{"total":136,"covered":136,"skipped":0,"pct":100},"functions":{"total":4,"covered":4,"skipped":0,"pct":100},"statements":{"total":136,"covered":136,"skipped":0,"pct":100},"branches":{"total":28,"covered":24,"skipped":0,"pct":85.71}}
,"/Users/sam/workspace/JumpStart-AutoNav/bin/lib/crossref.js": {"lines":{"total":217,"covered":149,"skipped":0,"pct":68.66},"functions":{"total":4,"covered":4,"skipped":0,"pct":100},"statements":{"total":217,"covered":149,"skipped":0,"pct":68.66},"branches":{"total":19,"covered":11,"skipped":0,"pct":57.89}}
,"/Users/sam/workspace/JumpStart-AutoNav/bin/lib/dashboard.js": {"lines":{"total":440,"covered":366,"skipped":0,"pct":83.18},"functions":{"total":10,"covered":10,"skipped":0,"pct":100},"statements":{"total":440,"covered":366,"skipped":0,"pct":83.18},"branches":{"total":89,"covered":59,"skipped":0,"pct":66.29}}
,"/Users/sam/workspace/JumpStart-AutoNav/bin/lib/data-classification.js": {"lines":{"total":156,"covered":156,"skipped":0,"pct":100},"functions":{"total":6,"covered":6,"skipped":0,"pct":100},"statements":{"total":156,"covered":156,"skipped":0,"pct":100},"branches":{"total":37,"covered":30,"skipped":0,"pct":81.08}}
,"/Users/sam/workspace/JumpStart-AutoNav/bin/lib/data-contracts.js": {"lines":{"total":101,"covered":99,"skipped":0,"pct":98.01},"functions":{"total":7,"covered":7,"skipped":0,"pct":100},"statements":{"total":101,"covered":99,"skipped":0,"pct":98.01},"branches":{"total":30,"covered":15,"skipped":0,"pct":50}}
,"/Users/sam/workspace/JumpStart-AutoNav/bin/lib/db-evolution.js": {"lines":{"total":136,"covered":136,"skipped":0,"pct":100},"functions":{"total":6,"covered":6,"skipped":0,"pct":100},"statements":{"total":136,"covered":136,"skipped":0,"pct":100},"branches":{"total":45,"covered":36,"skipped":0,"pct":80}}
,"/Users/sam/workspace/JumpStart-AutoNav/bin/lib/decision-conflicts.js": {"lines":{"total":261,"covered":253,"skipped":0,"pct":96.93},"functions":{"total":7,"covered":7,"skipped":0,"pct":100},"statements":{"total":261,"covered":253,"skipped":0,"pct":96.93},"branches":{"total":46,"covered":42,"skipped":0,"pct":91.3}}
,"/Users/sam/workspace/JumpStart-AutoNav/bin/lib/delivery-confidence.js": {"lines":{"total":307,"covered":307,"skipped":0,"pct":100},"functions":{"total":8,"covered":8,"skipped":0,"pct":100},"statements":{"total":307,"covered":307,"skipped":0,"pct":100},"branches":{"total":59,"covered":47,"skipped":0,"pct":79.66}}
,"/Users/sam/workspace/JumpStart-AutoNav/bin/lib/dependency-upgrade.js": {"lines":{"total":132,"covered":132,"skipped":0,"pct":100},"functions":{"total":6,"covered":6,"skipped":0,"pct":100},"statements":{"total":132,"covered":132,"skipped":0,"pct":100},"branches":{"total":35,"covered":21,"skipped":0,"pct":60}}
,"/Users/sam/workspace/JumpStart-AutoNav/bin/lib/design-system.js": {"lines":{"total":111,"covered":111,"skipped":0,"pct":100},"functions":{"total":7,"covered":7,"skipped":0,"pct":100},"statements":{"total":111,"covered":111,"skipped":0,"pct":100},"branches":{"total":25,"covered":13,"skipped":0,"pct":52}}
,"/Users/sam/workspace/JumpStart-AutoNav/bin/lib/deterministic-artifacts.js": {"lines":{"total":133,"covered":133,"skipped":0,"pct":100},"functions":{"total":6,"covered":6,"skipped":0,"pct":100},"statements":{"total":133,"covered":133,"skipped":0,"pct":100},"branches":{"total":23,"covered":20,"skipped":0,"pct":86.95}}
,"/Users/sam/workspace/JumpStart-AutoNav/bin/lib/diagram-studio.js": {"lines":{"total":98,"covered":96,"skipped":0,"pct":97.95},"functions":{"total":4,"covered":4,"skipped":0,"pct":100},"statements":{"total":98,"covered":96,"skipped":0,"pct":97.95},"branches":{"total":20,"covered":11,"skipped":0,"pct":55}}
,"/Users/sam/workspace/JumpStart-AutoNav/bin/lib/diff.js": {"lines":{"total":197,"covered":0,"skipped":0,"pct":0},"functions":{"total":1,"covered":0,"skipped":0,"pct":0},"statements":{"total":197,"covered":0,"skipped":0,"pct":0},"branches":{"total":1,"covered":0,"skipped":0,"pct":0}}
,"/Users/sam/workspace/JumpStart-AutoNav/bin/lib/domain-ontology.js": {"lines":{"total":111,"covered":101,"skipped":0,"pct":90.99},"functions":{"total":6,"covered":5,"skipped":0,"pct":83.33},"statements":{"total":111,"covered":101,"skipped":0,"pct":90.99},"branches":{"total":23,"covered":13,"skipped":0,"pct":56.52}}
,"/Users/sam/workspace/JumpStart-AutoNav/bin/lib/ea-review-packet.js": {"lines":{"total":137,"covered":127,"skipped":0,"pct":92.7},"functions":{"total":1,"covered":1,"skipped":0,"pct":100},"statements":{"total":137,"covered":127,"skipped":0,"pct":92.7},"branches":{"total":33,"covered":22,"skipped":0,"pct":66.66}}
,"/Users/sam/workspace/JumpStart-AutoNav/bin/lib/enterprise-search.js": {"lines":{"total":106,"covered":101,"skipped":0,"pct":95.28},"functions":{"total":4,"covered":4,"skipped":0,"pct":100},"statements":{"total":106,"covered":101,"skipped":0,"pct":95.28},"branches":{"total":27,"covered":19,"skipped":0,"pct":70.37}}
,"/Users/sam/workspace/JumpStart-AutoNav/bin/lib/enterprise-templates.js": {"lines":{"total":128,"covered":127,"skipped":0,"pct":99.21},"functions":{"total":3,"covered":3,"skipped":0,"pct":100},"statements":{"total":128,"covered":127,"skipped":0,"pct":99.21},"branches":{"total":8,"covered":6,"skipped":0,"pct":75}}
,"/Users/sam/workspace/JumpStart-AutoNav/bin/lib/environment-promotion.js": {"lines":{"total":191,"covered":191,"skipped":0,"pct":100},"functions":{"total":7,"covered":7,"skipped":0,"pct":100},"statements":{"total":191,"covered":191,"skipped":0,"pct":100},"branches":{"total":57,"covered":47,"skipped":0,"pct":82.45}}
,"/Users/sam/workspace/JumpStart-AutoNav/bin/lib/estimation-studio.js": {"lines":{"total":112,"covered":112,"skipped":0,"pct":100},"functions":{"total":6,"covered":6,"skipped":0,"pct":100},"statements":{"total":112,"covered":112,"skipped":0,"pct":100},"branches":{"total":27,"covered":18,"skipped":0,"pct":66.66}}
,"/Users/sam/workspace/JumpStart-AutoNav/bin/lib/event-modeling.js": {"lines":{"total":107,"covered":104,"skipped":0,"pct":97.19},"functions":{"total":6,"covered":6,"skipped":0,"pct":100},"statements":{"total":107,"covered":104,"skipped":0,"pct":97.19},"branches":{"total":25,"covered":12,"skipped":0,"pct":48}}
,"/Users/sam/workspace/JumpStart-AutoNav/bin/lib/evidence-collector.js": {"lines":{"total":156,"covered":156,"skipped":0,"pct":100},"functions":{"total":6,"covered":6,"skipped":0,"pct":100},"statements":{"total":156,"covered":156,"skipped":0,"pct":100},"branches":{"total":30,"covered":26,"skipped":0,"pct":86.66}}
,"/Users/sam/workspace/JumpStart-AutoNav/bin/lib/export.js": {"lines":{"total":396,"covered":352,"skipped":0,"pct":88.88},"functions":{"total":5,"covered":5,"skipped":0,"pct":100},"statements":{"total":396,"covered":352,"skipped":0,"pct":88.88},"branches":{"total":82,"covered":52,"skipped":0,"pct":63.41}}
,"/Users/sam/workspace/JumpStart-AutoNav/bin/lib/finops-planner.js": {"lines":{"total":156,"covered":156,"skipped":0,"pct":100},"functions":{"total":6,"covered":6,"skipped":0,"pct":100},"statements":{"total":156,"covered":156,"skipped":0,"pct":100},"branches":{"total":42,"covered":32,"skipped":0,"pct":76.19}}
,"/Users/sam/workspace/JumpStart-AutoNav/bin/lib/fitness-functions.js": {"lines":{"total":249,"covered":240,"skipped":0,"pct":96.38},"functions":{"total":11,"covered":10,"skipped":0,"pct":90.9},"statements":{"total":249,"covered":240,"skipped":0,"pct":96.38},"branches":{"total":63,"covered":37,"skipped":0,"pct":58.73}}
,"/Users/sam/workspace/JumpStart-AutoNav/bin/lib/focus.js": {"lines":{"total":410,"covered":356,"skipped":0,"pct":86.82},"functions":{"total":10,"covered":10,"skipped":0,"pct":100},"statements":{"total":410,"covered":356,"skipped":0,"pct":86.82},"branches":{"total":75,"covered":61,"skipped":0,"pct":81.33}}
,"/Users/sam/workspace/JumpStart-AutoNav/bin/lib/framework-manifest.js": {"lines":{"total":299,"covered":282,"skipped":0,"pct":94.31},"functions":{"total":10,"covered":10,"skipped":0,"pct":100},"statements":{"total":299,"covered":282,"skipped":0,"pct":94.31},"branches":{"total":57,"covered":43,"skipped":0,"pct":75.43}}
,"/Users/sam/workspace/JumpStart-AutoNav/bin/lib/freshness-gate.js": {"lines":{"total":177,"covered":0,"skipped":0,"pct":0},"functions":{"total":1,"covered":0,"skipped":0,"pct":0},"statements":{"total":177,"covered":0,"skipped":0,"pct":0},"branches":{"total":1,"covered":0,"skipped":0,"pct":0}}
,"/Users/sam/workspace/JumpStart-AutoNav/bin/lib/governance-dashboard.js": {"lines":{"total":149,"covered":148,"skipped":0,"pct":99.32},"functions":{"total":2,"covered":2,"skipped":0,"pct":100},"statements":{"total":149,"covered":148,"skipped":0,"pct":99.32},"branches":{"total":45,"covered":32,"skipped":0,"pct":71.11}}
,"/Users/sam/workspace/JumpStart-AutoNav/bin/lib/graph.js": {"lines":{"total":310,"covered":190,"skipped":0,"pct":61.29},"functions":{"total":8,"covered":5,"skipped":0,"pct":62.5},"statements":{"total":310,"covered":190,"skipped":0,"pct":61.29},"branches":{"total":15,"covered":13,"skipped":0,"pct":86.66}}
,"/Users/sam/workspace/JumpStart-AutoNav/bin/lib/guided-handoff.js": {"lines":{"total":106,"covered":105,"skipped":0,"pct":99.05},"functions":{"total":3,"covered":3,"skipped":0,"pct":100},"statements":{"total":106,"covered":105,"skipped":0,"pct":99.05},"branches":{"total":19,"covered":14,"skipped":0,"pct":73.68}}
,"/Users/sam/workspace/JumpStart-AutoNav/bin/lib/handoff-validator.js": {"lines":{"total":338,"covered":237,"skipped":0,"pct":70.11},"functions":{"total":10,"covered":8,"skipped":0,"pct":80},"statements":{"total":338,"covered":237,"skipped":0,"pct":70.11},"branches":{"total":57,"covered":36,"skipped":0,"pct":63.15}}
,"/Users/sam/workspace/JumpStart-AutoNav/bin/lib/handoff.js": {"lines":{"total":179,"covered":135,"skipped":0,"pct":75.41},"functions":{"total":4,"covered":2,"skipped":0,"pct":50},"statements":{"total":179,"covered":135,"skipped":0,"pct":75.41},"branches":{"total":11,"covered":4,"skipped":0,"pct":36.36}}
,"/Users/sam/workspace/JumpStart-AutoNav/bin/lib/hashing.js": {"lines":{"total":131,"covered":0,"skipped":0,"pct":0},"functions":{"total":1,"covered":0,"skipped":0,"pct":0},"statements":{"total":131,"covered":0,"skipped":0,"pct":0},"branches":{"total":1,"covered":0,"skipped":0,"pct":0}}
,"/Users/sam/workspace/JumpStart-AutoNav/bin/lib/headless-runner.js": {"lines":{"total":631,"covered":0,"skipped":0,"pct":0},"functions":{"total":1,"covered":0,"skipped":0,"pct":0},"statements":{"total":631,"covered":0,"skipped":0,"pct":0},"branches":{"total":1,"covered":0,"skipped":0,"pct":0}}
,"/Users/sam/workspace/JumpStart-AutoNav/bin/lib/holodeck.js": {"lines":{"total":442,"covered":0,"skipped":0,"pct":0},"functions":{"total":1,"covered":0,"skipped":0,"pct":0},"statements":{"total":442,"covered":0,"skipped":0,"pct":0},"branches":{"total":1,"covered":0,"skipped":0,"pct":0}}
,"/Users/sam/workspace/JumpStart-AutoNav/bin/lib/impact-analysis.js": {"lines":{"total":169,"covered":158,"skipped":0,"pct":93.49},"functions":{"total":4,"covered":4,"skipped":0,"pct":100},"statements":{"total":169,"covered":158,"skipped":0,"pct":93.49},"branches":{"total":39,"covered":27,"skipped":0,"pct":69.23}}
,"/Users/sam/workspace/JumpStart-AutoNav/bin/lib/incident-feedback.js": {"lines":{"total":135,"covered":134,"skipped":0,"pct":99.25},"functions":{"total":6,"covered":6,"skipped":0,"pct":100},"statements":{"total":135,"covered":134,"skipped":0,"pct":99.25},"branches":{"total":42,"covered":34,"skipped":0,"pct":80.95}}
,"/Users/sam/workspace/JumpStart-AutoNav/bin/lib/init.js": {"lines":{"total":133,"covered":0,"skipped":0,"pct":0},"functions":{"total":1,"covered":0,"skipped":0,"pct":0},"statements":{"total":133,"covered":0,"skipped":0,"pct":0},"branches":{"total":1,"covered":0,"skipped":0,"pct":0}}
,"/Users/sam/workspace/JumpStart-AutoNav/bin/lib/install.js": {"lines":{"total":882,"covered":484,"skipped":0,"pct":54.87},"functions":{"total":28,"covered":16,"skipped":0,"pct":57.14},"statements":{"total":882,"covered":484,"skipped":0,"pct":54.87},"branches":{"total":113,"covered":96,"skipped":0,"pct":84.95}}
,"/Users/sam/workspace/JumpStart-AutoNav/bin/lib/integrate.js": {"lines":{"total":406,"covered":399,"skipped":0,"pct":98.27},"functions":{"total":10,"covered":10,"skipped":0,"pct":100},"statements":{"total":406,"covered":399,"skipped":0,"pct":98.27},"branches":{"total":87,"covered":76,"skipped":0,"pct":87.35}}
,"/Users/sam/workspace/JumpStart-AutoNav/bin/lib/invariants-check.js": {"lines":{"total":156,"covered":0,"skipped":0,"pct":0},"functions":{"total":1,"covered":0,"skipped":0,"pct":0},"statements":{"total":156,"covered":0,"skipped":0,"pct":0},"branches":{"total":1,"covered":0,"skipped":0,"pct":0}}
,"/Users/sam/workspace/JumpStart-AutoNav/bin/lib/io.js": {"lines":{"total":132,"covered":0,"skipped":0,"pct":0},"functions":{"total":1,"covered":0,"skipped":0,"pct":0},"statements":{"total":132,"covered":0,"skipped":0,"pct":0},"branches":{"total":1,"covered":0,"skipped":0,"pct":0}}
,"/Users/sam/workspace/JumpStart-AutoNav/bin/lib/knowledge-graph.js": {"lines":{"total":99,"covered":94,"skipped":0,"pct":94.94},"functions":{"total":6,"covered":6,"skipped":0,"pct":100},"statements":{"total":99,"covered":94,"skipped":0,"pct":94.94},"branches":{"total":27,"covered":13,"skipped":0,"pct":48.14}}
,"/Users/sam/workspace/JumpStart-AutoNav/bin/lib/legacy-modernizer.js": {"lines":{"total":138,"covered":138,"skipped":0,"pct":100},"functions":{"total":6,"covered":6,"skipped":0,"pct":100},"statements":{"total":138,"covered":138,"skipped":0,"pct":100},"branches":{"total":35,"covered":27,"skipped":0,"pct":77.14}}
,"/Users/sam/workspace/JumpStart-AutoNav/bin/lib/lint-runner.js": {"lines":{"total":233,"covered":0,"skipped":0,"pct":0},"functions":{"total":1,"covered":0,"skipped":0,"pct":0},"statements":{"total":233,"covered":0,"skipped":0,"pct":0},"branches":{"total":1,"covered":0,"skipped":0,"pct":0}}
,"/Users/sam/workspace/JumpStart-AutoNav/bin/lib/llm-provider.js": {"lines":{"total":192,"covered":137,"skipped":0,"pct":71.35},"functions":{"total":7,"covered":5,"skipped":0,"pct":71.42},"statements":{"total":192,"covered":137,"skipped":0,"pct":71.35},"branches":{"total":13,"covered":8,"skipped":0,"pct":61.53}}
,"/Users/sam/workspace/JumpStart-AutoNav/bin/lib/locks.js": {"lines":{"total":164,"covered":0,"skipped":0,"pct":0},"functions":{"total":1,"covered":0,"skipped":0,"pct":0},"statements":{"total":164,"covered":0,"skipped":0,"pct":0},"branches":{"total":1,"covered":0,"skipped":0,"pct":0}}
,"/Users/sam/workspace/JumpStart-AutoNav/bin/lib/migration-planner.js": {"lines":{"total":122,"covered":122,"skipped":0,"pct":100},"functions":{"total":6,"covered":6,"skipped":0,"pct":100},"statements":{"total":122,"covered":122,"skipped":0,"pct":100},"branches":{"total":37,"covered":32,"skipped":0,"pct":86.48}}
,"/Users/sam/workspace/JumpStart-AutoNav/bin/lib/mock-responses.js": {"lines":{"total":117,"covered":116,"skipped":0,"pct":99.14},"functions":{"total":6,"covered":5,"skipped":0,"pct":83.33},"statements":{"total":117,"covered":116,"skipped":0,"pct":99.14},"branches":{"total":17,"covered":15,"skipped":0,"pct":88.23}}
,"/Users/sam/workspace/JumpStart-AutoNav/bin/lib/model-governance.js": {"lines":{"total":158,"covered":158,"skipped":0,"pct":100},"functions":{"total":7,"covered":7,"skipped":0,"pct":100},"statements":{"total":158,"covered":158,"skipped":0,"pct":100},"branches":{"total":47,"covered":40,"skipped":0,"pct":85.1}}
,"/Users/sam/workspace/JumpStart-AutoNav/bin/lib/model-router.js": {"lines":{"total":125,"covered":125,"skipped":0,"pct":100},"functions":{"total":5,"covered":5,"skipped":0,"pct":100},"statements":{"total":125,"covered":125,"skipped":0,"pct":100},"branches":{"total":26,"covered":14,"skipped":0,"pct":53.84}}
,"/Users/sam/workspace/JumpStart-AutoNav/bin/lib/module-loader.js": {"lines":{"total":145,"covered":0,"skipped":0,"pct":0},"functions":{"total":1,"covered":0,"skipped":0,"pct":0},"statements":{"total":145,"covered":0,"skipped":0,"pct":0},"branches":{"total":1,"covered":0,"skipped":0,"pct":0}}
,"/Users/sam/workspace/JumpStart-AutoNav/bin/lib/multi-repo.js": {"lines":{"total":235,"covered":231,"skipped":0,"pct":98.29},"functions":{"total":9,"covered":9,"skipped":0,"pct":100},"statements":{"total":235,"covered":231,"skipped":0,"pct":98.29},"branches":{"total":42,"covered":21,"skipped":0,"pct":50}}
,"/Users/sam/workspace/JumpStart-AutoNav/bin/lib/next-phase.js": {"lines":{"total":341,"covered":300,"skipped":0,"pct":87.97},"functions":{"total":1,"covered":1,"skipped":0,"pct":100},"statements":{"total":341,"covered":300,"skipped":0,"pct":87.97},"branches":{"total":65,"covered":43,"skipped":0,"pct":66.15}}
,"/Users/sam/workspace/JumpStart-AutoNav/bin/lib/ops-ownership.js": {"lines":{"total":131,"covered":131,"skipped":0,"pct":100},"functions":{"total":6,"covered":6,"skipped":0,"pct":100},"statements":{"total":131,"covered":131,"skipped":0,"pct":100},"branches":{"total":38,"covered":31,"skipped":0,"pct":81.57}}
,"/Users/sam/workspace/JumpStart-AutoNav/bin/lib/parallel-agents.js": {"lines":{"total":223,"covered":220,"skipped":0,"pct":98.65},"functions":{"total":8,"covered":8,"skipped":0,"pct":100},"statements":{"total":223,"covered":220,"skipped":0,"pct":98.65},"branches":{"total":52,"covered":36,"skipped":0,"pct":69.23}}
,"/Users/sam/workspace/JumpStart-AutoNav/bin/lib/pattern-library.js": {"lines":{"total":92,"covered":83,"skipped":0,"pct":90.21},"functions":{"total":6,"covered":5,"skipped":0,"pct":83.33},"statements":{"total":92,"covered":83,"skipped":0,"pct":90.21},"branches":{"total":25,"covered":14,"skipped":0,"pct":56}}
,"/Users/sam/workspace/JumpStart-AutoNav/bin/lib/persona-packs.js": {"lines":{"total":91,"covered":90,"skipped":0,"pct":98.9},"functions":{"total":2,"covered":2,"skipped":0,"pct":100},"statements":{"total":91,"covered":90,"skipped":0,"pct":98.9},"branches":{"total":6,"covered":5,"skipped":0,"pct":83.33}}
,"/Users/sam/workspace/JumpStart-AutoNav/bin/lib/plan-executor.js": {"lines":{"total":316,"covered":311,"skipped":0,"pct":98.41},"functions":{"total":9,"covered":9,"skipped":0,"pct":100},"statements":{"total":316,"covered":311,"skipped":0,"pct":98.41},"branches":{"total":68,"covered":50,"skipped":0,"pct":73.52}}
,"/Users/sam/workspace/JumpStart-AutoNav/bin/lib/platform-engineering.js": {"lines":{"total":95,"covered":93,"skipped":0,"pct":97.89},"functions":{"total":4,"covered":4,"skipped":0,"pct":100},"statements":{"total":95,"covered":93,"skipped":0,"pct":97.89},"branches":{"total":23,"covered":10,"skipped":0,"pct":43.47}}
,"/Users/sam/workspace/JumpStart-AutoNav/bin/lib/playback-summaries.js": {"lines":{"total":114,"covered":98,"skipped":0,"pct":85.96},"functions":{"total":2,"covered":2,"skipped":0,"pct":100},"statements":{"total":114,"covered":98,"skipped":0,"pct":85.96},"branches":{"total":9,"covered":7,"skipped":0,"pct":77.77}}
,"/Users/sam/workspace/JumpStart-AutoNav/bin/lib/policy-engine.js": {"lines":{"total":211,"covered":202,"skipped":0,"pct":95.73},"functions":{"total":7,"covered":7,"skipped":0,"pct":100},"statements":{"total":211,"covered":202,"skipped":0,"pct":95.73},"branches":{"total":46,"covered":30,"skipped":0,"pct":65.21}}
,"/Users/sam/workspace/JumpStart-AutoNav/bin/lib/portfolio-reporting.js": {"lines":{"total":309,"covered":300,"skipped":0,"pct":97.08},"functions":{"total":9,"covered":9,"skipped":0,"pct":100},"statements":{"total":309,"covered":300,"skipped":0,"pct":97.08},"branches":{"total":73,"covered":49,"skipped":0,"pct":67.12}}
,"/Users/sam/workspace/JumpStart-AutoNav/bin/lib/pr-package.js": {"lines":{"total":173,"covered":166,"skipped":0,"pct":95.95},"functions":{"total":4,"covered":4,"skipped":0,"pct":100},"statements":{"total":173,"covered":166,"skipped":0,"pct":95.95},"branches":{"total":34,"covered":31,"skipped":0,"pct":91.17}}
,"/Users/sam/workspace/JumpStart-AutoNav/bin/lib/proactive-validator.js": {"lines":{"total":434,"covered":355,"skipped":0,"pct":81.79},"functions":{"total":5,"covered":5,"skipped":0,"pct":100},"statements":{"total":434,"covered":355,"skipped":0,"pct":81.79},"branches":{"total":76,"covered":54,"skipped":0,"pct":71.05}}
,"/Users/sam/workspace/JumpStart-AutoNav/bin/lib/project-memory.js": {"lines":{"total":201,"covered":199,"skipped":0,"pct":99},"functions":{"total":9,"covered":9,"skipped":0,"pct":100},"statements":{"total":201,"covered":199,"skipped":0,"pct":99},"branches":{"total":49,"covered":32,"skipped":0,"pct":65.3}}
,"/Users/sam/workspace/JumpStart-AutoNav/bin/lib/prompt-governance.js": {"lines":{"total":101,"covered":99,"skipped":0,"pct":98.01},"functions":{"total":4,"covered":4,"skipped":0,"pct":100},"statements":{"total":101,"covered":99,"skipped":0,"pct":98.01},"branches":{"total":28,"covered":11,"skipped":0,"pct":39.28}}
,"/Users/sam/workspace/JumpStart-AutoNav/bin/lib/promptless-mode.js": {"lines":{"total":104,"covered":103,"skipped":0,"pct":99.03},"functions":{"total":5,"covered":5,"skipped":0,"pct":100},"statements":{"total":104,"covered":103,"skipped":0,"pct":99.03},"branches":{"total":29,"covered":17,"skipped":0,"pct":58.62}}
,"/Users/sam/workspace/JumpStart-AutoNav/bin/lib/quality-graph.js": {"lines":{"total":165,"covered":165,"skipped":0,"pct":100},"functions":{"total":5,"covered":5,"skipped":0,"pct":100},"statements":{"total":165,"covered":165,"skipped":0,"pct":100},"branches":{"total":43,"covered":33,"skipped":0,"pct":76.74}}
,"/Users/sam/workspace/JumpStart-AutoNav/bin/lib/quickstart.js": {"lines":{"total":176,"covered":176,"skipped":0,"pct":100},"functions":{"total":5,"covered":5,"skipped":0,"pct":100},"statements":{"total":176,"covered":176,"skipped":0,"pct":100},"branches":{"total":19,"covered":18,"skipped":0,"pct":94.73}}
,"/Users/sam/workspace/JumpStart-AutoNav/bin/lib/raci-matrix.js": {"lines":{"total":162,"covered":161,"skipped":0,"pct":99.38},"functions":{"total":6,"covered":6,"skipped":0,"pct":100},"statements":{"total":162,"covered":161,"skipped":0,"pct":99.38},"branches":{"total":49,"covered":41,"skipped":0,"pct":83.67}}
,"/Users/sam/workspace/JumpStart-AutoNav/bin/lib/refactor-planner.js": {"lines":{"total":144,"covered":143,"skipped":0,"pct":99.3},"functions":{"total":6,"covered":6,"skipped":0,"pct":100},"statements":{"total":144,"covered":143,"skipped":0,"pct":99.3},"branches":{"total":48,"covered":41,"skipped":0,"pct":85.41}}
,"/Users/sam/workspace/JumpStart-AutoNav/bin/lib/reference-architectures.js": {"lines":{"total":275,"covered":273,"skipped":0,"pct":99.27},"functions":{"total":7,"covered":7,"skipped":0,"pct":100},"statements":{"total":275,"covered":273,"skipped":0,"pct":99.27},"branches":{"total":52,"covered":39,"skipped":0,"pct":75}}
,"/Users/sam/workspace/JumpStart-AutoNav/bin/lib/registry.js": {"lines":{"total":181,"covered":0,"skipped":0,"pct":0},"functions":{"total":1,"covered":0,"skipped":0,"pct":0},"statements":{"total":181,"covered":0,"skipped":0,"pct":0},"branches":{"total":1,"covered":0,"skipped":0,"pct":0}}
,"/Users/sam/workspace/JumpStart-AutoNav/bin/lib/regression.js": {"lines":{"total":186,"covered":172,"skipped":0,"pct":92.47},"functions":{"total":5,"covered":5,"skipped":0,"pct":100},"statements":{"total":186,"covered":172,"skipped":0,"pct":92.47},"branches":{"total":40,"covered":32,"skipped":0,"pct":80}}
,"/Users/sam/workspace/JumpStart-AutoNav/bin/lib/regulatory-gate.js": {"lines":{"total":263,"covered":0,"skipped":0,"pct":0},"functions":{"total":1,"covered":0,"skipped":0,"pct":0},"statements":{"total":263,"covered":0,"skipped":0,"pct":0},"branches":{"total":1,"covered":0,"skipped":0,"pct":0}}
,"/Users/sam/workspace/JumpStart-AutoNav/bin/lib/release-readiness.js": {"lines":{"total":144,"covered":144,"skipped":0,"pct":100},"functions":{"total":5,"covered":5,"skipped":0,"pct":100},"statements":{"total":144,"covered":144,"skipped":0,"pct":100},"branches":{"total":48,"covered":35,"skipped":0,"pct":72.91}}
,"/Users/sam/workspace/JumpStart-AutoNav/bin/lib/repo-graph.js": {"lines":{"total":233,"covered":222,"skipped":0,"pct":95.27},"functions":{"total":9,"covered":9,"skipped":0,"pct":100},"statements":{"total":233,"covered":222,"skipped":0,"pct":95.27},"branches":{"total":43,"covered":29,"skipped":0,"pct":67.44}}
,"/Users/sam/workspace/JumpStart-AutoNav/bin/lib/requirements-baseline.js": {"lines":{"total":317,"covered":299,"skipped":0,"pct":94.32},"functions":{"total":9,"covered":9,"skipped":0,"pct":100},"statements":{"total":317,"covered":299,"skipped":0,"pct":94.32},"branches":{"total":58,"covered":42,"skipped":0,"pct":72.41}}
,"/Users/sam/workspace/JumpStart-AutoNav/bin/lib/revert.js": {"lines":{"total":108,"covered":51,"skipped":0,"pct":47.22},"functions":{"total":2,"covered":1,"skipped":0,"pct":50},"statements":{"total":108,"covered":51,"skipped":0,"pct":47.22},"branches":{"total":2,"covered":1,"skipped":0,"pct":50}}
,"/Users/sam/workspace/JumpStart-AutoNav/bin/lib/rewind.js": {"lines":{"total":280,"covered":257,"skipped":0,"pct":91.78},"functions":{"total":5,"covered":5,"skipped":0,"pct":100},"statements":{"total":280,"covered":257,"skipped":0,"pct":91.78},"branches":{"total":41,"covered":32,"skipped":0,"pct":78.04}}
,"/Users/sam/workspace/JumpStart-AutoNav/bin/lib/risk-register.js": {"lines":{"total":180,"covered":179,"skipped":0,"pct":99.44},"functions":{"total":7,"covered":7,"skipped":0,"pct":100},"statements":{"total":180,"covered":179,"skipped":0,"pct":99.44},"branches":{"total":59,"covered":47,"skipped":0,"pct":79.66}}
,"/Users/sam/workspace/JumpStart-AutoNav/bin/lib/role-approval.js": {"lines":{"total":217,"covered":215,"skipped":0,"pct":99.07},"functions":{"total":7,"covered":7,"skipped":0,"pct":100},"statements":{"total":217,"covered":215,"skipped":0,"pct":99.07},"branches":{"total":59,"covered":45,"skipped":0,"pct":76.27}}
,"/Users/sam/workspace/JumpStart-AutoNav/bin/lib/role-views.js": {"lines":{"total":127,"covered":112,"skipped":0,"pct":88.18},"functions":{"total":3,"covered":3,"skipped":0,"pct":100},"statements":{"total":127,"covered":112,"skipped":0,"pct":88.18},"branches":{"total":17,"covered":11,"skipped":0,"pct":64.7}}
,"/Users/sam/workspace/JumpStart-AutoNav/bin/lib/root-cause-analysis.js": {"lines":{"total":117,"covered":117,"skipped":0,"pct":100},"functions":{"total":3,"covered":3,"skipped":0,"pct":100},"statements":{"total":117,"covered":117,"skipped":0,"pct":100},"branches":{"total":25,"covered":21,"skipped":0,"pct":84}}
,"/Users/sam/workspace/JumpStart-AutoNav/bin/lib/runtime-debugger.js": {"lines":{"total":137,"covered":137,"skipped":0,"pct":100},"functions":{"total":4,"covered":4,"skipped":0,"pct":100},"statements":{"total":137,"covered":137,"skipped":0,"pct":100},"branches":{"total":26,"covered":26,"skipped":0,"pct":100}}
,"/Users/sam/workspace/JumpStart-AutoNav/bin/lib/safe-rename.js": {"lines":{"total":121,"covered":121,"skipped":0,"pct":100},"functions":{"total":4,"covered":4,"skipped":0,"pct":100},"statements":{"total":121,"covered":121,"skipped":0,"pct":100},"branches":{"total":22,"covered":19,"skipped":0,"pct":86.36}}
,"/Users/sam/workspace/JumpStart-AutoNav/bin/lib/scanner.js": {"lines":{"total":297,"covered":0,"skipped":0,"pct":0},"functions":{"total":1,"covered":0,"skipped":0,"pct":0},"statements":{"total":297,"covered":0,"skipped":0,"pct":0},"branches":{"total":1,"covered":0,"skipped":0,"pct":0}}
,"/Users/sam/workspace/JumpStart-AutoNav/bin/lib/secret-scanner.js": {"lines":{"total":276,"covered":254,"skipped":0,"pct":92.02},"functions":{"total":4,"covered":4,"skipped":0,"pct":100},"statements":{"total":276,"covered":254,"skipped":0,"pct":92.02},"branches":{"total":43,"covered":37,"skipped":0,"pct":86.04}}
,"/Users/sam/workspace/JumpStart-AutoNav/bin/lib/self-evolve.js": {"lines":{"total":147,"covered":0,"skipped":0,"pct":0},"functions":{"total":1,"covered":0,"skipped":0,"pct":0},"statements":{"total":147,"covered":0,"skipped":0,"pct":0},"branches":{"total":1,"covered":0,"skipped":0,"pct":0}}
,"/Users/sam/workspace/JumpStart-AutoNav/bin/lib/semantic-diff.js": {"lines":{"total":302,"covered":296,"skipped":0,"pct":98.01},"functions":{"total":9,"covered":9,"skipped":0,"pct":100},"statements":{"total":302,"covered":296,"skipped":0,"pct":98.01},"branches":{"total":69,"covered":62,"skipped":0,"pct":89.85}}
,"/Users/sam/workspace/JumpStart-AutoNav/bin/lib/sharder.js": {"lines":{"total":129,"covered":0,"skipped":0,"pct":0},"functions":{"total":1,"covered":0,"skipped":0,"pct":0},"statements":{"total":129,"covered":0,"skipped":0,"pct":0},"branches":{"total":1,"covered":0,"skipped":0,"pct":0}}
,"/Users/sam/workspace/JumpStart-AutoNav/bin/lib/simplicity-gate.js": {"lines":{"total":111,"covered":62,"skipped":0,"pct":55.85},"functions":{"total":3,"covered":1,"skipped":0,"pct":33.33},"statements":{"total":111,"covered":62,"skipped":0,"pct":55.85},"branches":{"total":7,"covered":6,"skipped":0,"pct":85.71}}
,"/Users/sam/workspace/JumpStart-AutoNav/bin/lib/simulation-tracer.js": {"lines":{"total":431,"covered":399,"skipped":0,"pct":92.57},"functions":{"total":20,"covered":20,"skipped":0,"pct":100},"statements":{"total":431,"covered":399,"skipped":0,"pct":92.57},"branches":{"total":76,"covered":51,"skipped":0,"pct":67.1}}
,"/Users/sam/workspace/JumpStart-AutoNav/bin/lib/sla-slo.js": {"lines":{"total":184,"covered":184,"skipped":0,"pct":100},"functions":{"total":7,"covered":7,"skipped":0,"pct":100},"statements":{"total":184,"covered":184,"skipped":0,"pct":100},"branches":{"total":46,"covered":38,"skipped":0,"pct":82.6}}
,"/Users/sam/workspace/JumpStart-AutoNav/bin/lib/smell-detector.js": {"lines":{"total":231,"covered":180,"skipped":0,"pct":77.92},"functions":{"total":4,"covered":2,"skipped":0,"pct":50},"statements":{"total":231,"covered":180,"skipped":0,"pct":77.92},"branches":{"total":32,"covered":27,"skipped":0,"pct":84.37}}
,"/Users/sam/workspace/JumpStart-AutoNav/bin/lib/smoke-tester.js": {"lines":{"total":302,"covered":206,"skipped":0,"pct":68.21},"functions":{"total":6,"covered":5,"skipped":0,"pct":83.33},"statements":{"total":302,"covered":206,"skipped":0,"pct":68.21},"branches":{"total":37,"covered":25,"skipped":0,"pct":67.56}}
,"/Users/sam/workspace/JumpStart-AutoNav/bin/lib/spec-comments.js": {"lines":{"total":120,"covered":118,"skipped":0,"pct":98.33},"functions":{"total":7,"covered":7,"skipped":0,"pct":100},"statements":{"total":120,"covered":118,"skipped":0,"pct":98.33},"branches":{"total":31,"covered":12,"skipped":0,"pct":38.7}}
,"/Users/sam/workspace/JumpStart-AutoNav/bin/lib/spec-drift.js": {"lines":{"total":188,"covered":104,"skipped":0,"pct":55.31},"functions":{"total":5,"covered":2,"skipped":0,"pct":40},"statements":{"total":188,"covered":104,"skipped":0,"pct":55.31},"branches":{"total":14,"covered":7,"skipped":0,"pct":50}}
,"/Users/sam/workspace/JumpStart-AutoNav/bin/lib/spec-maturity.js": {"lines":{"total":255,"covered":255,"skipped":0,"pct":100},"functions":{"total":4,"covered":4,"skipped":0,"pct":100},"statements":{"total":255,"covered":255,"skipped":0,"pct":100},"branches":{"total":50,"covered":41,"skipped":0,"pct":82}}
,"/Users/sam/workspace/JumpStart-AutoNav/bin/lib/spec-tester.js": {"lines":{"total":435,"covered":370,"skipped":0,"pct":85.05},"functions":{"total":8,"covered":7,"skipped":0,"pct":87.5},"statements":{"total":435,"covered":370,"skipped":0,"pct":85.05},"branches":{"total":98,"covered":88,"skipped":0,"pct":89.79}}
,"/Users/sam/workspace/JumpStart-AutoNav/bin/lib/sre-integration.js": {"lines":{"total":124,"covered":104,"skipped":0,"pct":83.87},"functions":{"total":7,"covered":6,"skipped":0,"pct":85.71},"statements":{"total":124,"covered":104,"skipped":0,"pct":83.87},"branches":{"total":29,"covered":8,"skipped":0,"pct":27.58}}
,"/Users/sam/workspace/JumpStart-AutoNav/bin/lib/state-store.js": {"lines":{"total":384,"covered":258,"skipped":0,"pct":67.18},"functions":{"total":13,"covered":9,"skipped":0,"pct":69.23},"statements":{"total":384,"covered":258,"skipped":0,"pct":67.18},"branches":{"total":51,"covered":34,"skipped":0,"pct":66.66}}
,"/Users/sam/workspace/JumpStart-AutoNav/bin/lib/structured-elicitation.js": {"lines":{"total":144,"covered":139,"skipped":0,"pct":96.52},"functions":{"total":7,"covered":7,"skipped":0,"pct":100},"statements":{"total":144,"covered":139,"skipped":0,"pct":96.52},"branches":{"total":39,"covered":21,"skipped":0,"pct":53.84}}
,"/Users/sam/workspace/JumpStart-AutoNav/bin/lib/telemetry-feedback.js": {"lines":{"total":98,"covered":94,"skipped":0,"pct":95.91},"functions":{"total":5,"covered":5,"skipped":0,"pct":100},"statements":{"total":98,"covered":94,"skipped":0,"pct":95.91},"branches":{"total":27,"covered":15,"skipped":0,"pct":55.55}}
,"/Users/sam/workspace/JumpStart-AutoNav/bin/lib/template-merge.js": {"lines":{"total":148,"covered":0,"skipped":0,"pct":0},"functions":{"total":1,"covered":0,"skipped":0,"pct":0},"statements":{"total":148,"covered":0,"skipped":0,"pct":0},"branches":{"total":1,"covered":0,"skipped":0,"pct":0}}
,"/Users/sam/workspace/JumpStart-AutoNav/bin/lib/template-watcher.js": {"lines":{"total":165,"covered":0,"skipped":0,"pct":0},"functions":{"total":1,"covered":0,"skipped":0,"pct":0},"statements":{"total":165,"covered":0,"skipped":0,"pct":0},"branches":{"total":1,"covered":0,"skipped":0,"pct":0}}
,"/Users/sam/workspace/JumpStart-AutoNav/bin/lib/test-generator.js": {"lines":{"total":126,"covered":126,"skipped":0,"pct":100},"functions":{"total":3,"covered":3,"skipped":0,"pct":100},"statements":{"total":126,"covered":126,"skipped":0,"pct":100},"branches":{"total":39,"covered":36,"skipped":0,"pct":92.3}}
,"/Users/sam/workspace/JumpStart-AutoNav/bin/lib/timeline.js": {"lines":{"total":868,"covered":771,"skipped":0,"pct":88.82},"functions":{"total":28,"covered":26,"skipped":0,"pct":92.85},"statements":{"total":868,"covered":771,"skipped":0,"pct":88.82},"branches":{"total":149,"covered":105,"skipped":0,"pct":70.46}}
,"/Users/sam/workspace/JumpStart-AutoNav/bin/lib/timestamps.js": {"lines":{"total":172,"covered":52,"skipped":0,"pct":30.23},"functions":{"total":3,"covered":1,"skipped":0,"pct":33.33},"statements":{"total":172,"covered":52,"skipped":0,"pct":30.23},"branches":{"total":2,"covered":1,"skipped":0,"pct":50}}
,"/Users/sam/workspace/JumpStart-AutoNav/bin/lib/tool-bridge.js": {"lines":{"total":458,"covered":241,"skipped":0,"pct":52.62},"functions":{"total":31,"covered":14,"skipped":0,"pct":45.16},"statements":{"total":458,"covered":241,"skipped":0,"pct":52.62},"branches":{"total":59,"covered":38,"skipped":0,"pct":64.4}}
,"/Users/sam/workspace/JumpStart-AutoNav/bin/lib/tool-guardrails.js": {"lines":{"total":122,"covered":122,"skipped":0,"pct":100},"functions":{"total":2,"covered":2,"skipped":0,"pct":100},"statements":{"total":122,"covered":122,"skipped":0,"pct":100},"branches":{"total":30,"covered":29,"skipped":0,"pct":96.66}}
,"/Users/sam/workspace/JumpStart-AutoNav/bin/lib/tool-schemas.js": {"lines":{"total":595,"covered":595,"skipped":0,"pct":100},"functions":{"total":2,"covered":2,"skipped":0,"pct":100},"statements":{"total":595,"covered":595,"skipped":0,"pct":100},"branches":{"total":6,"covered":5,"skipped":0,"pct":83.33}}
,"/Users/sam/workspace/JumpStart-AutoNav/bin/lib/traceability.js": {"lines":{"total":235,"covered":108,"skipped":0,"pct":45.95},"functions":{"total":7,"covered":4,"skipped":0,"pct":57.14},"statements":{"total":235,"covered":108,"skipped":0,"pct":45.95},"branches":{"total":9,"covered":6,"skipped":0,"pct":66.66}}
,"/Users/sam/workspace/JumpStart-AutoNav/bin/lib/transcript-ingestion.js": {"lines":{"total":128,"covered":128,"skipped":0,"pct":100},"functions":{"total":6,"covered":6,"skipped":0,"pct":100},"statements":{"total":128,"covered":128,"skipped":0,"pct":100},"branches":{"total":31,"covered":23,"skipped":0,"pct":74.19}}
,"/Users/sam/workspace/JumpStart-AutoNav/bin/lib/type-checker.js": {"lines":{"total":234,"covered":199,"skipped":0,"pct":85.04},"functions":{"total":3,"covered":3,"skipped":0,"pct":100},"statements":{"total":234,"covered":199,"skipped":0,"pct":85.04},"branches":{"total":35,"covered":27,"skipped":0,"pct":77.14}}
,"/Users/sam/workspace/JumpStart-AutoNav/bin/lib/uat-coverage.js": {"lines":{"total":358,"covered":331,"skipped":0,"pct":92.45},"functions":{"total":8,"covered":8,"skipped":0,"pct":100},"statements":{"total":358,"covered":331,"skipped":0,"pct":92.45},"branches":{"total":64,"covered":49,"skipped":0,"pct":76.56}}
,"/Users/sam/workspace/JumpStart-AutoNav/bin/lib/upgrade.js": {"lines":{"total":380,"covered":337,"skipped":0,"pct":88.68},"functions":{"total":3,"covered":3,"skipped":0,"pct":100},"statements":{"total":380,"covered":337,"skipped":0,"pct":88.68},"branches":{"total":86,"covered":63,"skipped":0,"pct":73.25}}
,"/Users/sam/workspace/JumpStart-AutoNav/bin/lib/usage.js": {"lines":{"total":165,"covered":0,"skipped":0,"pct":0},"functions":{"total":1,"covered":0,"skipped":0,"pct":0},"statements":{"total":165,"covered":0,"skipped":0,"pct":0},"branches":{"total":1,"covered":0,"skipped":0,"pct":0}}
,"/Users/sam/workspace/JumpStart-AutoNav/bin/lib/validator.js": {"lines":{"total":400,"covered":363,"skipped":0,"pct":90.75},"functions":{"total":7,"covered":6,"skipped":0,"pct":85.71},"statements":{"total":400,"covered":363,"skipped":0,"pct":90.75},"branches":{"total":150,"covered":137,"skipped":0,"pct":91.33}}
,"/Users/sam/workspace/JumpStart-AutoNav/bin/lib/vendor-risk.js": {"lines":{"total":145,"covered":145,"skipped":0,"pct":100},"functions":{"total":6,"covered":6,"skipped":0,"pct":100},"statements":{"total":145,"covered":145,"skipped":0,"pct":100},"branches":{"total":63,"covered":51,"skipped":0,"pct":80.95}}
,"/Users/sam/workspace/JumpStart-AutoNav/bin/lib/versioning.js": {"lines":{"total":155,"covered":0,"skipped":0,"pct":0},"functions":{"total":1,"covered":0,"skipped":0,"pct":0},"statements":{"total":155,"covered":0,"skipped":0,"pct":0},"branches":{"total":1,"covered":0,"skipped":0,"pct":0}}
,"/Users/sam/workspace/JumpStart-AutoNav/bin/lib/waiver-workflow.js": {"lines":{"total":148,"covered":148,"skipped":0,"pct":100},"functions":{"total":7,"covered":7,"skipped":0,"pct":100},"statements":{"total":148,"covered":148,"skipped":0,"pct":100},"branches":{"total":49,"covered":42,"skipped":0,"pct":85.71}}
,"/Users/sam/workspace/JumpStart-AutoNav/bin/lib/web-dashboard.js": {"lines":{"total":113,"covered":102,"skipped":0,"pct":90.26},"functions":{"total":4,"covered":4,"skipped":0,"pct":100},"statements":{"total":113,"covered":102,"skipped":0,"pct":90.26},"branches":{"total":9,"covered":6,"skipped":0,"pct":66.66}}
,"/Users/sam/workspace/JumpStart-AutoNav/bin/lib/workshop-mode.js": {"lines":{"total":138,"covered":135,"skipped":0,"pct":97.82},"functions":{"total":7,"covered":7,"skipped":0,"pct":100},"statements":{"total":138,"covered":135,"skipped":0,"pct":97.82},"branches":{"total":36,"covered":20,"skipped":0,"pct":55.55}}
,"/Users/sam/workspace/JumpStart-AutoNav/bin/lib/workstream-ownership.js": {"lines":{"total":84,"covered":84,"skipped":0,"pct":100},"functions":{"total":6,"covered":6,"skipped":0,"pct":100},"statements":{"total":84,"covered":84,"skipped":0,"pct":100},"branches":{"total":26,"covered":17,"skipped":0,"pct":65.38}}
,"/Users/sam/workspace/JumpStart-AutoNav/scripts/check-coverage-ratchet.mjs": {"lines":{"total":71,"covered":0,"skipped":0,"pct":0},"functions":{"total":1,"covered":0,"skipped":0,"pct":0},"statements":{"total":71,"covered":0,"skipped":0,"pct":0},"branches":{"total":1,"covered":0,"skipped":0,"pct":0}}
,"/Users/sam/workspace/JumpStart-AutoNav/scripts/check-process-exit.mjs": {"lines":{"total":98,"covered":0,"skipped":0,"pct":0},"functions":{"total":1,"covered":0,"skipped":0,"pct":0},"statements":{"total":98,"covered":0,"skipped":0,"pct":0},"branches":{"total":1,"covered":0,"skipped":0,"pct":0}}
,"/Users/sam/workspace/JumpStart-AutoNav/scripts/check-public-any.mjs": {"lines":{"total":54,"covered":0,"skipped":0,"pct":0},"functions":{"total":1,"covered":0,"skipped":0,"pct":0},"statements":{"total":54,"covered":0,"skipped":0,"pct":0},"branches":{"total":1,"covered":0,"skipped":0,"pct":0}}
,"/Users/sam/workspace/JumpStart-AutoNav/scripts/verify-baseline.mjs": {"lines":{"total":70,"covered":0,"skipped":0,"pct":0},"functions":{"total":1,"covered":0,"skipped":0,"pct":0},"statements":{"total":70,"covered":0,"skipped":0,"pct":0},"branches":{"total":1,"covered":0,"skipped":0,"pct":0}}
}
